Exception return from AArch64 EL2 to AArch64 EL1 PC 0x80044
Exception return from AArch64 EL1 to AArch64 EL0 PC 0x8008c
bcm2835_property: 0x00038002 set clock rate NYI
Taking exception 2 [SVC]
...from EL0 to EL1
...with ESR 0x15/0x56000000
...with ELR 0x80e24
...to EL1 PC 0x82400 PSTATE 0x3c5
Exception return from AArch64 EL1 to AArch64 EL0 PC 0x80e24
Taking exception 5 [IRQ]
...from EL0 to EL1
...with ESR 0x15/0x56000000
...with ELR 0x81730
...to EL1 PC 0x82480 PSTATE 0x3c5
Exception return from AArch64 EL1 to AArch64 EL0 PC 0x81730
Taking exception 5 [IRQ]
...from EL0 to EL1
...with ESR 0x15/0x56000000
...with ELR 0x81730
...to EL1 PC 0x82480 PSTATE 0x3c5
Exception return from AArch64 EL1 to AArch64 EL0 PC 0x81730
Taking exception 5 [IRQ]
...from EL0 to EL1
...with ESR 0x15/0x56000000
...with ELR 0x81730
...to EL1 PC 0x82480 PSTATE 0x3c5
Exception return from AArch64 EL1 to AArch64 EL0 PC 0x81730
Taking exception 5 [IRQ]
...from EL0 to EL1
...with ESR 0x15/0x56000000
...with ELR 0x81730
...to EL1 PC 0x82480 PSTATE 0x3c5
Exception return from AArch64 EL1 to AArch64 EL0 PC 0x81730
Taking exception 5 [IRQ]
...from EL0 to EL1
...with ESR 0x15/0x56000000
...with ELR 0x81730
...to EL1 PC 0x82480 PSTATE 0x3c5
Exception return from AArch64 EL1 to AArch64 EL0 PC 0x81730
Taking exception 5 [IRQ]
...from EL0 to EL1
...with ESR 0x15/0x56000000
...with ELR 0x81730
...to EL1 PC 0x82480 PSTATE 0x3c5
Exception return from AArch64 EL1 to AArch64 EL0 PC 0x81730
Taking exception 5 [IRQ]
...from EL0 to EL1
...with ESR 0x15/0x56000000
...with ELR 0x81730
...to EL1 PC 0x82480 PSTATE 0x3c5
Exception return from AArch64 EL1 to AArch64 EL0 PC 0x81730
Taking exception 5 [IRQ]
...from EL0 to EL1
...with ESR 0x15/0x56000000
...with ELR 0x81730
...to EL1 PC 0x82480 PSTATE 0x3c5
Exception return from AArch64 EL1 to AArch64 EL0 PC 0x81730
Taking exception 2 [SVC]
...from EL0 to EL1
...with ESR 0x15/0x56000000
...with ELR 0x80f48
...to EL1 PC 0x82400 PSTATE 0x3c5
Exception return from AArch64 EL1 to AArch64 EL0 PC 0x80f48
